<!DOCTYPE html PUBLIC "-//W3C//DTD XHTML 1.1//EN" "https://www.w3.org/TR/xhtml11/DTD/xhtml11.dtd">
<html xmlns="https://www.w3.org/1999/xhtml">
<head>
<meta http-equiv="content-type" content="text/html; charset=UTF-8"/>
<title>TestNG Report</title>
<style type="text/css">table {margin-bottom:10px;border-collapse:collapse;empty-cells:show}th,td {border:1px solid #009;padding:.25em .5em}th {vertical-align:bottom}td {vertical-align:top}table a {font-weight:bold}.stripe td {background-color: #E6EBF9}.num {text-align:right}.passedodd td {background-color: #3F3}.passedeven td {background-color: #0A0}.skippedodd td {background-color: #DDD}.skippedeven td {background-color: #CCC}.failedodd td,.attn {background-color: #F33}.failedeven td,.stripe .attn {background-color: #D00}.stacktrace {white-space:pre;font-family:monospace}.totop {font-size:85%;text-align:center;border-bottom:2px solid #000}.invisible {display:none}</style>
</head>
<body>
<table>
<tr><th>Test</th><th># Passed</th><th># Skipped</th><th># Retried</th><th># Failed</th><th>Time (ms)</th><th>Included Groups</th><th>Excluded Groups</th></tr>
<tr><th colspan="8">FrameWork Test Suite</th></tr>
<tr><td><a href="#t0">QALoginTest</a></td><td class="num">9</td><td class="num">0</td><td class="num">0</td><td class="num attn">2</td><td class="num">115,712</td><td></td><td></td></tr>
</table>
<table id='summary'><thead><tr><th>Class</th><th>Method</th><th>Start</th><th>Time (ms)</th></tr></thead><tbody><tr><th colspan="4">FrameWork Test Suite</th></tr></tbody><tbody id="t0"><tr><th colspan="4">QALoginTest &#8212; failed</th></tr><tr class="failedeven"><td rowspan="1">com.farmework.tests.SearchTest</td><td><a href="#m0">verifySearchWithInValidProductName</a></td><td rowspan="1">1734830584497</td><td rowspan="1">803</td></tr><tr class="failedodd"><td rowspan="1">com.farmework.tests.UserRegisterationTest</td><td><a href="#m1">registerWithAllMandatoryDetailsPropertyFileData</a></td><td rowspan="1">1734830576756</td><td rowspan="1">1380</td></tr><tr><th colspan="4">QALoginTest &#8212; passed</th></tr><tr class="passedeven"><td rowspan="5">com.farmework.tests.LoginTest</td><td><a href="#m2">verify_Login_With_InValid_Cred</a></td><td rowspan="1">1734830507533</td><td rowspan="1">2979</td></tr><tr class="passedeven"><td><a href="#m3">verify_Login_With_Valid_Cred1</a></td><td rowspan="1">1734830511059</td><td rowspan="1">884</td></tr><tr class="passedeven"><td><a href="#m4">verify_Login_With_Valid_Cred2</a></td><td rowspan="1">1734830515958</td><td rowspan="1">5331</td></tr><tr class="passedeven"><td><a href="#m5">verify_Login_With_Valid_Cred_Using_Properties_File</a></td><td rowspan="1">1734830525327</td><td rowspan="1">7834</td></tr><tr class="passedeven"><td><a href="#m6">verify_Login_Without_Enterig_Credentials</a></td><td rowspan="1">1734830537046</td><td rowspan="1">5976</td></tr><tr class="passedodd"><td rowspan="1">com.farmework.tests.SearchTest</td><td><a href="#m7">verifySearchWithValidProductName</a></td><td rowspan="1">1734830601861</td><td rowspan="1">3654</td></tr><tr class="passedeven"><td rowspan="3">com.farmework.tests.UserRegisterationTest</td><td><a href="#m8">verifyErrorMessageForMandatoryField</a></td><td rowspan="1">1734830559532</td><td rowspan="1">11134</td></tr><tr class="passedeven"><td><a href="#m9">verifyRegisterWithAllMandatoryDetailsExcelFileData</a></td><td rowspan="1">1734830543766</td><td rowspan="1">1600</td></tr><tr class="passedeven"><td><a href="#m10">verifyRegisterWithExistingEmail</a></td><td rowspan="1">1734830551826</td><td rowspan="1">1425</td></tr></tbody>
</table>
<h2>QALoginTest</h2><h3 id="m0">com.farmework.tests.SearchTest#verifySearchWithInValidProductName</h3><table class="result"><tr class="param"><th>Parameter #1</th></tr><tr class="param stripe"><td>{UserName=yogeshs15@gmail.com, ExpectedMessage=There is no product that matches the search criteria., SearchValue=HPO, Password=12345}</td></tr><tr><th>Exception</th></tr><tr><td><div class="stacktrace">org.openqa.selenium.StaleElementReferenceException: stale element reference: stale element not found
  (Session info: chrome=131.0.6778.204)
For documentation on this error, please visit: https://www.selenium.dev/documentation/webdriver/troubleshooting/errors#stale-element-reference-exception
Build info: version: &apos;4.16.1&apos;, revision: &apos;9b4c83354e&apos;
System info: os.name: &apos;Windows 10&apos;, os.arch: &apos;amd64&apos;, os.version: &apos;10.0&apos;, java.version: &apos;17.0.5&apos;
Driver info: org.openqa.selenium.chrome.ChromeDriver
Command: [86e957362e79bcbf3a57f42da2f03ef3, sendKeysToElement {id=f.D3676C411CCB5863F39844F08EAED248.d.A0D01CE284E379DF3ECC6D2532E2806B.e.565, value=[Ljava.lang.CharSequence;@7b351446}]
Capabilities {acceptInsecureCerts: false, browserName: chrome, browserVersion: 131.0.6778.204, chrome: {chromedriverVersion: 131.0.6778.204 (52183f9e99a..., userDataDir: C:\Users\dsshi\AppData\Loca...}, fedcm:accounts: true, goog:chromeOptions: {debuggerAddress: localhost:58944}, networkConnectionEnabled: false, pageLoadStrategy: normal, platformName: windows, proxy: Proxy(), se:cdp: ws://localhost:58944/devtoo..., se:cdpVersion: 131.0.6778.204, setWindowRect: true, strictFileInteractability: false, timeouts: {implicit: 0, pageLoad: 300000, script: 30000}, unhandledPromptBehavior: dismiss and notify, webauthn:extension:credBlob: true, webauthn:extension:largeBlob: true, webauthn:extension:minPinLength: true, webauthn:extension:prf: true, webauthn:virtualAuthenticators: true}
Element: [[ChromeDriver: chrome on windows (86e957362e79bcbf3a57f42da2f03ef3)] -&gt; xpath: //input[@name=&apos;search&apos;]]
Session ID: 86e957362e79bcbf3a57f42da2f03ef3
	at org.openqa.selenium.remote.codec.w3c.W3CHttpResponseCodec.createException(W3CHttpResponseCodec.java:200)
	at org.openqa.selenium.remote.codec.w3c.W3CHttpResponseCodec.decode(W3CHttpResponseCodec.java:133)
	at org.openqa.selenium.remote.codec.w3c.W3CHttpResponseCodec.decode(W3CHttpResponseCodec.java:52)
	at org.openqa.selenium.remote.HttpCommandExecutor.execute(HttpCommandExecutor.java:191)
	at org.openqa.selenium.remote.service.DriverCommandExecutor.invokeExecute(DriverCommandExecutor.java:200)
	at org.openqa.selenium.remote.service.DriverCommandExecutor.execute(DriverCommandExecutor.java:175)
	at org.openqa.selenium.remote.RemoteWebDriver.execute(RemoteWebDriver.java:523)
	at org.openqa.selenium.remote.RemoteWebElement.execute(RemoteWebElement.java:224)
	at org.openqa.selenium.remote.RemoteWebElement.sendKeys(RemoteWebElement.java:111)
	at com.framework.utils.Utilities.sendKeys(Utilities.java:76)
	at com.frameworkpractice.pages.SearchPage.enterSearchText(SearchPage.java:20)
	at com.farmework.tests.SearchTest.verifySearchWithInValidProductName(SearchTest.java:102)
	at java.base/java.util.ArrayList.forEach(ArrayList.java:1511)
... Removed 36 stack frames</div></td></tr></table><p class="totop"><a href="#summary">back to summary</a></p>
<h3 id="m1">com.farmework.tests.UserRegisterationTest#registerWithAllMandatoryDetailsPropertyFileData</h3><table class="result"><tr><th>Exception</th></tr><tr><td><div class="stacktrace">org.openqa.selenium.StaleElementReferenceException: stale element reference: stale element not found
  (Session info: chrome=131.0.6778.204)
For documentation on this error, please visit: https://www.selenium.dev/documentation/webdriver/troubleshooting/errors#stale-element-reference-exception
Build info: version: &apos;4.16.1&apos;, revision: &apos;9b4c83354e&apos;
System info: os.name: &apos;Windows 10&apos;, os.arch: &apos;amd64&apos;, os.version: &apos;10.0&apos;, java.version: &apos;17.0.5&apos;
Driver info: org.openqa.selenium.chrome.ChromeDriver
Command: [86e957362e79bcbf3a57f42da2f03ef3, getElementText {id=f.D3676C411CCB5863F39844F08EAED248.d.D364DB0D6DC468928DF3ED1ACA879B44.e.546}]
Capabilities {acceptInsecureCerts: false, browserName: chrome, browserVersion: 131.0.6778.204, chrome: {chromedriverVersion: 131.0.6778.204 (52183f9e99a..., userDataDir: C:\Users\dsshi\AppData\Loca...}, fedcm:accounts: true, goog:chromeOptions: {debuggerAddress: localhost:58944}, networkConnectionEnabled: false, pageLoadStrategy: normal, platformName: windows, proxy: Proxy(), se:cdp: ws://localhost:58944/devtoo..., se:cdpVersion: 131.0.6778.204, setWindowRect: true, strictFileInteractability: false, timeouts: {implicit: 0, pageLoad: 300000, script: 30000}, unhandledPromptBehavior: dismiss and notify, webauthn:extension:credBlob: true, webauthn:extension:largeBlob: true, webauthn:extension:minPinLength: true, webauthn:extension:prf: true, webauthn:virtualAuthenticators: true}
Element: [[ChromeDriver: chrome on windows (86e957362e79bcbf3a57f42da2f03ef3)] -&gt; xpath: //div[@id=&apos;content&apos;]/h1]
Session ID: 86e957362e79bcbf3a57f42da2f03ef3
	at org.openqa.selenium.remote.codec.w3c.W3CHttpResponseCodec.createException(W3CHttpResponseCodec.java:200)
	at org.openqa.selenium.remote.codec.w3c.W3CHttpResponseCodec.decode(W3CHttpResponseCodec.java:133)
	at org.openqa.selenium.remote.codec.w3c.W3CHttpResponseCodec.decode(W3CHttpResponseCodec.java:52)
	at org.openqa.selenium.remote.HttpCommandExecutor.execute(HttpCommandExecutor.java:191)
	at org.openqa.selenium.remote.service.DriverCommandExecutor.invokeExecute(DriverCommandExecutor.java:200)
	at org.openqa.selenium.remote.service.DriverCommandExecutor.execute(DriverCommandExecutor.java:175)
	at org.openqa.selenium.remote.RemoteWebDriver.execute(RemoteWebDriver.java:523)
	at org.openqa.selenium.remote.RemoteWebElement.execute(RemoteWebElement.java:224)
	at org.openqa.selenium.remote.RemoteWebElement.getText(RemoteWebElement.java:192)
	at com.framework.utils.Utilities.actualMessageDisplayed(Utilities.java:95)
	at com.frameworkpractice.pages.UserRegisterationPage.actualMessageSuccessfulRegi(UserRegisterationPage.java:87)
	at com.farmework.tests.UserRegisterationTest.registerWithAllMandatoryDetailsPropertyFileData(UserRegisterationTest.java:61)
	at java.base/java.util.ArrayList.forEach(ArrayList.java:1511)
... Removed 36 stack frames</div></td></tr></table><p class="totop"><a href="#summary">back to summary</a></p>
<h3 id="m2">com.farmework.tests.LoginTest#verify_Login_With_InValid_Cred</h3><table class="result"><tr class="param"><th>Parameter #1</th></tr><tr class="param stripe"><td>{UserName=narendramodi@gmail.com, ExpectedMessage=Warning: No match for E-Mail Address and/or Password., Password=123}</td></tr></table><p class="totop"><a href="#summary">back to summary</a></p>
<h3 id="m3">com.farmework.tests.LoginTest#verify_Login_With_Valid_Cred1</h3><table class="result"><tr class="param"><th>Parameter #1</th></tr><tr class="param stripe"><td>{UserName=rameshsd@gmail.com, ExpectedMessage=Edit your account information, Password=12345}</td></tr></table><p class="totop"><a href="#summary">back to summary</a></p>
<h3 id="m4">com.farmework.tests.LoginTest#verify_Login_With_Valid_Cred2</h3><table class="result"><tr class="param"><th>Parameter #1</th></tr><tr class="param stripe"><td>{UserName=yogeshs15@gmail.com, ExpectedMessage=Edit your account information, Password=12345}</td></tr></table><p class="totop"><a href="#summary">back to summary</a></p>
<h3 id="m5">com.farmework.tests.LoginTest#verify_Login_With_Valid_Cred_Using_Properties_File</h3><table class="result"><tr><th class="invisible"/></tr></table><p class="totop"><a href="#summary">back to summary</a></p>
<h3 id="m6">com.farmework.tests.LoginTest#verify_Login_Without_Enterig_Credentials</h3><table class="result"><tr class="param"><th>Parameter #1</th></tr><tr class="param stripe"><td>{UserName=NA , ExpectedMessage=Warning: No match for E-Mail Address and/or Password., Password=NA}</td></tr></table><p class="totop"><a href="#summary">back to summary</a></p>
<h3 id="m7">com.farmework.tests.SearchTest#verifySearchWithValidProductName</h3><table class="result"><tr class="param"><th>Parameter #1</th></tr><tr class="param stripe"><td>{UserName=yogeshs15@gmail.com, ExpectedMessage=NA, SearchValue=HP, Password=12345}</td></tr></table><p class="totop"><a href="#summary">back to summary</a></p>
<h3 id="m8">com.farmework.tests.UserRegisterationTest#verifyErrorMessageForMandatoryField</h3><table class="result"><tr class="param"><th>Parameter #1</th></tr><tr class="param stripe"><td>{Telephone=NA, FirstName=Yogesh, LastName=S, ExpectedMessage=Telephone must be between 3 and 32 characters!, EmailAddress=NA, Password=12345, ConfirmPassword=12345}</td></tr></table><p class="totop"><a href="#summary">back to summary</a></p>
<h3 id="m9">com.farmework.tests.UserRegisterationTest#verifyRegisterWithAllMandatoryDetailsExcelFileData</h3><table class="result"><tr class="param"><th>Parameter #1</th></tr><tr class="param stripe"><td>{Telephone=8877665544, FirstName=Yogesh, LastName=S, ExpectedMessage=Your Account Has Been Created!, EmailAddress=NA, Password=12345, ConfirmPassword=12345}</td></tr></table><p class="totop"><a href="#summary">back to summary</a></p>
<h3 id="m10">com.farmework.tests.UserRegisterationTest#verifyRegisterWithExistingEmail</h3><table class="result"><tr class="param"><th>Parameter #1</th></tr><tr class="param stripe"><td>{Telephone=9998887777, FirstName=Yogesh, LastName=S, ExpectedMessage=Warning: E-Mail Address is already registered!, EmailAddress=yogeshs15@gmail.com, Password=12345, ConfirmPassword=12345}</td></tr></table><p class="totop"><a href="#summary">back to summary</a></p>
</body>
</html>
