<!DOCTYPE html>

<html>
  <head>
  <meta charset='utf-8'>
  <title>TestNG reports</title>

    <link type="text/css" href="testng-reports1.css" rel="stylesheet" id="ultra" />
    <link type="text/css" href="testng-reports.css" rel="stylesheet" id="retro" disabled="false"/>
    <script type="text/javascript" src="jquery-3.6.0.min.js"></script>
    <script type="text/javascript" src="testng-reports.js"></script>
    <script type="text/javascript" src="https://www.google.com/jsapi"></script>
    <script type='text/javascript'>
      google.load('visualization', '1', {packages:['table']});
      google.setOnLoadCallback(drawTable);
      var suiteTableInitFunctions = new Array();
      var suiteTableData = new Array();
    </script>
    <!--
      <script type="text/javascript" src="jquery-ui/js/jquery-ui-1.8.16.custom.min.js"></script>
     -->
  </head>

  <body>    <div class="top-banner-root">
      <span class="top-banner-title-font">Test results</span>
      <button id="button" class="button">Switch Retro Theme</button> <!-- button -->
      <br/>
      <span class="top-banner-font-1">1 suite, 2 failed tests</span>
    </div> <!-- top-banner-root -->
    <div class="navigator-root">
      <div class="navigator-suite-header">
        <span>All suites</span>
        <a href="#" title="Collapse/expand all the suites" class="collapse-all-link">
          <img src="collapseall.gif" class="collapse-all-icon">
          </img> <!-- collapse-all-icon -->
        </a> <!-- collapse-all-link -->
      </div> <!-- navigator-suite-header -->
      <div class="suite">
        <div class="rounded-window">
          <div class="suite-header light-rounded-window-top">
            <a href="#" panel-name="suite-FrameWork_Test_Suite" class="navigator-link">
              <span class="suite-name border-failed">FrameWork Test Suite</span>
            </a> <!-- navigator-link -->
          </div> <!-- suite-header light-rounded-window-top -->
          <div class="navigator-suite-content">
            <div class="suite-section-title">
              <span>Info</span>
            </div> <!-- suite-section-title -->
            <div class="suite-section-content">
              <ul>
                <li>
                  <a href="#" panel-name="test-xml-FrameWork_Test_Suite" class="navigator-link ">
                    <span>C:\AutomationPractice\HybridTestNGFramework\FrameWorkPractice\testng.xml</span>
                  </a> <!-- navigator-link  -->
                </li>
                <li>
                  <a href="#" panel-name="testlist-FrameWork_Test_Suite" class="navigator-link ">
                    <span class="test-stats">1 test</span>
                  </a> <!-- navigator-link  -->
                </li>
                <li>
                  <a href="#" panel-name="group-FrameWork_Test_Suite" class="navigator-link ">
                    <span>0 groups</span>
                  </a> <!-- navigator-link  -->
                </li>
                <li>
                  <a href="#" panel-name="times-FrameWork_Test_Suite" class="navigator-link ">
                    <span>Times</span>
                  </a> <!-- navigator-link  -->
                </li>
                <li>
                  <a href="#" panel-name="reporter-FrameWork_Test_Suite" class="navigator-link ">
                    <span>Reporter output</span>
                  </a> <!-- navigator-link  -->
                </li>
                <li>
                  <a href="#" panel-name="ignored-methods-FrameWork_Test_Suite" class="navigator-link ">
                    <span>Ignored methods</span>
                  </a> <!-- navigator-link  -->
                </li>
                <li>
                  <a href="#" panel-name="chronological-FrameWork_Test_Suite" class="navigator-link ">
                    <span>Chronological view</span>
                  </a> <!-- navigator-link  -->
                </li>
              </ul>
            </div> <!-- suite-section-content -->
            <div class="result-section">
              <div class="suite-section-title">
                <span>Results</span>
              </div> <!-- suite-section-title -->
              <div class="suite-section-content">
                <ul>
                  <li>
                    <span class="method-stats">11 methods, 2 failed,   9 passed</span>
                  </li>
                  <li>
                    <span class="method-list-title failed">Failed methods</span>
                    <span class="show-or-hide-methods failed">
                      <a href="#" panel-name="suite-FrameWork_Test_Suite" class="hide-methods failed suite-FrameWork_Test_Suite"> (hide)</a> <!-- hide-methods failed suite-FrameWork_Test_Suite -->
                      <a href="#" panel-name="suite-FrameWork_Test_Suite" class="show-methods failed suite-FrameWork_Test_Suite"> (show)</a> <!-- show-methods failed suite-FrameWork_Test_Suite -->
                    </span>
                    <div class="method-list-content failed suite-FrameWork_Test_Suite">
                      <span>
                        <img src="failed.png" width="3%"/>
                        <a href="#" panel-name="suite-FrameWork_Test_Suite" title="com.farmework.tests.UserRegisterationTest" class="method navigator-link" hash-for-method="registerWithAllMandatoryDetailsPropertyFileData">registerWithAllMandatoryDetailsPropertyFileData</a> <!-- method navigator-link -->
                      </span>
                      <br/>
                      <span>
                        <img src="failed.png" width="3%"/>
                        <a href="#" panel-name="suite-FrameWork_Test_Suite" title="com.farmework.tests.SearchTest" class="method navigator-link" hash-for-method="verifySearchWithInValidProductName({UserName=yogeshs15@gmail.com, ExpectedMessage=There is no product that matches the search criteria....)">verifySearchWithInValidProductName({UserName=yogeshs15@gmail.com, ExpectedMessage=There is no product that matches the search criteria....)</a> <!-- method navigator-link -->
                      </span>
                      <br/>
                    </div> <!-- method-list-content failed suite-FrameWork_Test_Suite -->
                  </li>
                  <li>
                    <span class="method-list-title passed">Passed methods</span>
                    <span class="show-or-hide-methods passed">
                      <a href="#" panel-name="suite-FrameWork_Test_Suite" class="hide-methods passed suite-FrameWork_Test_Suite"> (hide)</a> <!-- hide-methods passed suite-FrameWork_Test_Suite -->
                      <a href="#" panel-name="suite-FrameWork_Test_Suite" class="show-methods passed suite-FrameWork_Test_Suite"> (show)</a> <!-- show-methods passed suite-FrameWork_Test_Suite -->
                    </span>
                    <div class="method-list-content passed suite-FrameWork_Test_Suite">
                      <span>
                        <img src="passed.png" width="3%"/>
                        <a href="#" panel-name="suite-FrameWork_Test_Suite" title="com.farmework.tests.UserRegisterationTest" class="method navigator-link" hash-for-method="verifyErrorMessageForMandatoryField({Telephone=NA, FirstName=Yogesh, LastName=S, ExpectedMessage=Telephone must be between 3 and 32 char...)">verifyErrorMessageForMandatoryField({Telephone=NA, FirstName=Yogesh, LastName=S, ExpectedMessage=Telephone must be between 3 and 32 char...)</a> <!-- method navigator-link -->
                      </span>
                      <br/>
                      <span>
                        <img src="passed.png" width="3%"/>
                        <a href="#" panel-name="suite-FrameWork_Test_Suite" title="com.farmework.tests.UserRegisterationTest" class="method navigator-link" hash-for-method="verifyRegisterWithAllMandatoryDetailsExcelFileData({Telephone=8877665544, FirstName=Yogesh, LastName=S, ExpectedMessage=Your Account Has Been Created!,...)">verifyRegisterWithAllMandatoryDetailsExcelFileData({Telephone=8877665544, FirstName=Yogesh, LastName=S, ExpectedMessage=Your Account Has Been Created!,...)</a> <!-- method navigator-link -->
                      </span>
                      <br/>
                      <span>
                        <img src="passed.png" width="3%"/>
                        <a href="#" panel-name="suite-FrameWork_Test_Suite" title="com.farmework.tests.UserRegisterationTest" class="method navigator-link" hash-for-method="verifyRegisterWithExistingEmail({Telephone=9998887777, FirstName=Yogesh, LastName=S, ExpectedMessage=Warning: E-Mail Address is alre...)">verifyRegisterWithExistingEmail({Telephone=9998887777, FirstName=Yogesh, LastName=S, ExpectedMessage=Warning: E-Mail Address is alre...)</a> <!-- method navigator-link -->
                      </span>
                      <br/>
                      <span>
                        <img src="passed.png" width="3%"/>
                        <a href="#" panel-name="suite-FrameWork_Test_Suite" title="com.farmework.tests.SearchTest" class="method navigator-link" hash-for-method="verifySearchWithValidProductName({UserName=yogeshs15@gmail.com, ExpectedMessage=NA, SearchValue=HP, Password=12345})">verifySearchWithValidProductName({UserName=yogeshs15@gmail.com, ExpectedMessage=NA, SearchValue=HP, Password=12345})</a> <!-- method navigator-link -->
                      </span>
                      <br/>
                      <span>
                        <img src="passed.png" width="3%"/>
                        <a href="#" panel-name="suite-FrameWork_Test_Suite" title="com.farmework.tests.LoginTest" class="method navigator-link" hash-for-method="verify_Login_With_InValid_Cred({UserName=narendramodi@gmail.com, ExpectedMessage=Warning: No match for E-Mail Address and/or Passwo...)">verify_Login_With_InValid_Cred({UserName=narendramodi@gmail.com, ExpectedMessage=Warning: No match for E-Mail Address and/or Passwo...)</a> <!-- method navigator-link -->
                      </span>
                      <br/>
                      <span>
                        <img src="passed.png" width="3%"/>
                        <a href="#" panel-name="suite-FrameWork_Test_Suite" title="com.farmework.tests.LoginTest" class="method navigator-link" hash-for-method="verify_Login_With_Valid_Cred1({UserName=rameshsd@gmail.com, ExpectedMessage=Edit your account information, Password=12345})">verify_Login_With_Valid_Cred1({UserName=rameshsd@gmail.com, ExpectedMessage=Edit your account information, Password=12345})</a> <!-- method navigator-link -->
                      </span>
                      <br/>
                      <span>
                        <img src="passed.png" width="3%"/>
                        <a href="#" panel-name="suite-FrameWork_Test_Suite" title="com.farmework.tests.LoginTest" class="method navigator-link" hash-for-method="verify_Login_With_Valid_Cred2({UserName=yogeshs15@gmail.com, ExpectedMessage=Edit your account information, Password=12345})">verify_Login_With_Valid_Cred2({UserName=yogeshs15@gmail.com, ExpectedMessage=Edit your account information, Password=12345})</a> <!-- method navigator-link -->
                      </span>
                      <br/>
                      <span>
                        <img src="passed.png" width="3%"/>
                        <a href="#" panel-name="suite-FrameWork_Test_Suite" title="com.farmework.tests.LoginTest" class="method navigator-link" hash-for-method="verify_Login_With_Valid_Cred_Using_Properties_File">verify_Login_With_Valid_Cred_Using_Properties_File</a> <!-- method navigator-link -->
                      </span>
                      <br/>
                      <span>
                        <img src="passed.png" width="3%"/>
                        <a href="#" panel-name="suite-FrameWork_Test_Suite" title="com.farmework.tests.LoginTest" class="method navigator-link" hash-for-method="verify_Login_Without_Enterig_Credentials({UserName=NA , ExpectedMessage=Warning: No match for E-Mail Address and/or Password., Password=NA})">verify_Login_Without_Enterig_Credentials({UserName=NA , ExpectedMessage=Warning: No match for E-Mail Address and/or Password., Password=NA})</a> <!-- method navigator-link -->
                      </span>
                      <br/>
                    </div> <!-- method-list-content passed suite-FrameWork_Test_Suite -->
                  </li>
                </ul>
              </div> <!-- suite-section-content -->
            </div> <!-- result-section -->
          </div> <!-- navigator-suite-content -->
        </div> <!-- rounded-window -->
      </div> <!-- suite -->
    </div> <!-- navigator-root -->
    <div class="wrapper">
      <div class="main-panel-root">
        <div panel-name="suite-FrameWork_Test_Suite" class="panel FrameWork_Test_Suite">
          <div class="suite-FrameWork_Test_Suite-class-failed">
            <div class="main-panel-header rounded-window-top">
              <img src="failed.png"/>
              <span class="class-name">com.farmework.tests.SearchTest</span>
            </div> <!-- main-panel-header rounded-window-top -->
            <div class="main-panel-content rounded-window-bottom">
              <div class="method">
                <div class="method-content">
                  <a name="verifySearchWithInValidProductName({UserName=yogeshs15@gmail.com, ExpectedMessage=There is no product that matches the search criteria....)">
                  </a> <!-- verifySearchWithInValidProductName({UserName=yogeshs15@gmail.com, ExpectedMessage=There is no product that matches the search criteria....) -->
                  <span class="method-name">verifySearchWithInValidProductName</span>
                  <span class="parameters">({UserName=yogeshs15@gmail.com, ExpectedMessage=There is no product that matches the search criteria., SearchValue=HPO, Password=12345})</span>
                  <div class="stack-trace">org.openqa.selenium.StaleElementReferenceException: stale element reference: stale element not found
  (Session info: chrome=131.0.6778.204)
For documentation on this error, please visit: https://www.selenium.dev/documentation/webdriver/troubleshooting/errors#stale-element-reference-exception
Build info: version: &apos;4.16.1&apos;, revision: &apos;9b4c83354e&apos;
System info: os.name: &apos;Windows 10&apos;, os.arch: &apos;amd64&apos;, os.version: &apos;10.0&apos;, java.version: &apos;17.0.5&apos;
Driver info: org.openqa.selenium.chrome.ChromeDriver
Command: [86e957362e79bcbf3a57f42da2f03ef3, sendKeysToElement {id=f.D3676C411CCB5863F39844F08EAED248.d.A0D01CE284E379DF3ECC6D2532E2806B.e.565, value=[Ljava.lang.CharSequence;@7b351446}]
Capabilities {acceptInsecureCerts: false, browserName: chrome, browserVersion: 131.0.6778.204, chrome: {chromedriverVersion: 131.0.6778.204 (52183f9e99a..., userDataDir: C:\Users\dsshi\AppData\Loca...}, fedcm:accounts: true, goog:chromeOptions: {debuggerAddress: localhost:58944}, networkConnectionEnabled: false, pageLoadStrategy: normal, platformName: windows, proxy: Proxy(), se:cdp: ws://localhost:58944/devtoo..., se:cdpVersion: 131.0.6778.204, setWindowRect: true, strictFileInteractability: false, timeouts: {implicit: 0, pageLoad: 300000, script: 30000}, unhandledPromptBehavior: dismiss and notify, webauthn:extension:credBlob: true, webauthn:extension:largeBlob: true, webauthn:extension:minPinLength: true, webauthn:extension:prf: true, webauthn:virtualAuthenticators: true}
Element: [[ChromeDriver: chrome on windows (86e957362e79bcbf3a57f42da2f03ef3)] -&gt; xpath: //input[@name=&apos;search&apos;]]
Session ID: 86e957362e79bcbf3a57f42da2f03ef3
	at org.openqa.selenium.remote.codec.w3c.W3CHttpResponseCodec.createException(W3CHttpResponseCodec.java:200)
	at org.openqa.selenium.remote.codec.w3c.W3CHttpResponseCodec.decode(W3CHttpResponseCodec.java:133)
	at org.openqa.selenium.remote.codec.w3c.W3CHttpResponseCodec.decode(W3CHttpResponseCodec.java:52)
	at org.openqa.selenium.remote.HttpCommandExecutor.execute(HttpCommandExecutor.java:191)
	at org.openqa.selenium.remote.service.DriverCommandExecutor.invokeExecute(DriverCommandExecutor.java:200)
	at org.openqa.selenium.remote.service.DriverCommandExecutor.execute(DriverCommandExecutor.java:175)
	at org.openqa.selenium.remote.RemoteWebDriver.execute(RemoteWebDriver.java:523)
	at org.openqa.selenium.remote.RemoteWebElement.execute(RemoteWebElement.java:224)
	at org.openqa.selenium.remote.RemoteWebElement.sendKeys(RemoteWebElement.java:111)
	at com.framework.utils.Utilities.sendKeys(Utilities.java:76)
	at com.frameworkpractice.pages.SearchPage.enterSearchText(SearchPage.java:20)
	at com.farmework.tests.SearchTest.verifySearchWithInValidProductName(SearchTest.java:102)
	at java.base/java.util.ArrayList.forEach(ArrayList.java:1511)
... Removed 36 stack frames
</div> <!-- stack-trace -->
                </div> <!-- method-content -->
              </div> <!-- method -->
            </div> <!-- main-panel-content rounded-window-bottom -->
          </div> <!-- suite-FrameWork_Test_Suite-class-failed -->
          <div class="suite-FrameWork_Test_Suite-class-failed">
            <div class="main-panel-header rounded-window-top">
              <img src="failed.png"/>
              <span class="class-name">com.farmework.tests.UserRegisterationTest</span>
            </div> <!-- main-panel-header rounded-window-top -->
            <div class="main-panel-content rounded-window-bottom">
              <div class="method">
                <div class="method-content">
                  <a name="registerWithAllMandatoryDetailsPropertyFileData">
                  </a> <!-- registerWithAllMandatoryDetailsPropertyFileData -->
                  <span class="method-name">registerWithAllMandatoryDetailsPropertyFileData</span>
                  <div class="stack-trace">org.openqa.selenium.StaleElementReferenceException: stale element reference: stale element not found
  (Session info: chrome=131.0.6778.204)
For documentation on this error, please visit: https://www.selenium.dev/documentation/webdriver/troubleshooting/errors#stale-element-reference-exception
Build info: version: &apos;4.16.1&apos;, revision: &apos;9b4c83354e&apos;
System info: os.name: &apos;Windows 10&apos;, os.arch: &apos;amd64&apos;, os.version: &apos;10.0&apos;, java.version: &apos;17.0.5&apos;
Driver info: org.openqa.selenium.chrome.ChromeDriver
Command: [86e957362e79bcbf3a57f42da2f03ef3, getElementText {id=f.D3676C411CCB5863F39844F08EAED248.d.D364DB0D6DC468928DF3ED1ACA879B44.e.546}]
Capabilities {acceptInsecureCerts: false, browserName: chrome, browserVersion: 131.0.6778.204, chrome: {chromedriverVersion: 131.0.6778.204 (52183f9e99a..., userDataDir: C:\Users\dsshi\AppData\Loca...}, fedcm:accounts: true, goog:chromeOptions: {debuggerAddress: localhost:58944}, networkConnectionEnabled: false, pageLoadStrategy: normal, platformName: windows, proxy: Proxy(), se:cdp: ws://localhost:58944/devtoo..., se:cdpVersion: 131.0.6778.204, setWindowRect: true, strictFileInteractability: false, timeouts: {implicit: 0, pageLoad: 300000, script: 30000}, unhandledPromptBehavior: dismiss and notify, webauthn:extension:credBlob: true, webauthn:extension:largeBlob: true, webauthn:extension:minPinLength: true, webauthn:extension:prf: true, webauthn:virtualAuthenticators: true}
Element: [[ChromeDriver: chrome on windows (86e957362e79bcbf3a57f42da2f03ef3)] -&gt; xpath: //div[@id=&apos;content&apos;]/h1]
Session ID: 86e957362e79bcbf3a57f42da2f03ef3
	at org.openqa.selenium.remote.codec.w3c.W3CHttpResponseCodec.createException(W3CHttpResponseCodec.java:200)
	at org.openqa.selenium.remote.codec.w3c.W3CHttpResponseCodec.decode(W3CHttpResponseCodec.java:133)
	at org.openqa.selenium.remote.codec.w3c.W3CHttpResponseCodec.decode(W3CHttpResponseCodec.java:52)
	at org.openqa.selenium.remote.HttpCommandExecutor.execute(HttpCommandExecutor.java:191)
	at org.openqa.selenium.remote.service.DriverCommandExecutor.invokeExecute(DriverCommandExecutor.java:200)
	at org.openqa.selenium.remote.service.DriverCommandExecutor.execute(DriverCommandExecutor.java:175)
	at org.openqa.selenium.remote.RemoteWebDriver.execute(RemoteWebDriver.java:523)
	at org.openqa.selenium.remote.RemoteWebElement.execute(RemoteWebElement.java:224)
	at org.openqa.selenium.remote.RemoteWebElement.getText(RemoteWebElement.java:192)
	at com.framework.utils.Utilities.actualMessageDisplayed(Utilities.java:95)
	at com.frameworkpractice.pages.UserRegisterationPage.actualMessageSuccessfulRegi(UserRegisterationPage.java:87)
	at com.farmework.tests.UserRegisterationTest.registerWithAllMandatoryDetailsPropertyFileData(UserRegisterationTest.java:61)
	at java.base/java.util.ArrayList.forEach(ArrayList.java:1511)
... Removed 36 stack frames
</div> <!-- stack-trace -->
                </div> <!-- method-content -->
              </div> <!-- method -->
            </div> <!-- main-panel-content rounded-window-bottom -->
          </div> <!-- suite-FrameWork_Test_Suite-class-failed -->
          <div class="suite-FrameWork_Test_Suite-class-passed">
            <div class="main-panel-header rounded-window-top">
              <img src="passed.png"/>
              <span class="class-name">com.farmework.tests.LoginTest</span>
            </div> <!-- main-panel-header rounded-window-top -->
            <div class="main-panel-content rounded-window-bottom">
              <div class="method">
                <div class="method-content">
                  <a name="verify_Login_With_InValid_Cred({UserName=narendramodi@gmail.com, ExpectedMessage=Warning: No match for E-Mail Address and/or Passwo...)">
                  </a> <!-- verify_Login_With_InValid_Cred({UserName=narendramodi@gmail.com, ExpectedMessage=Warning: No match for E-Mail Address and/or Passwo...) -->
                  <span class="method-name">verify_Login_With_InValid_Cred</span>
                  <span class="parameters">({UserName=narendramodi@gmail.com, ExpectedMessage=Warning: No match for E-Mail Address and/or Password., Password=123})</span>
                </div> <!-- method-content -->
              </div> <!-- method -->
              <div class="method">
                <div class="method-content">
                  <a name="verify_Login_With_Valid_Cred1({UserName=rameshsd@gmail.com, ExpectedMessage=Edit your account information, Password=12345})">
                  </a> <!-- verify_Login_With_Valid_Cred1({UserName=rameshsd@gmail.com, ExpectedMessage=Edit your account information, Password=12345}) -->
                  <span class="method-name">verify_Login_With_Valid_Cred1</span>
                  <span class="parameters">({UserName=rameshsd@gmail.com, ExpectedMessage=Edit your account information, Password=12345})</span>
                </div> <!-- method-content -->
              </div> <!-- method -->
              <div class="method">
                <div class="method-content">
                  <a name="verify_Login_With_Valid_Cred2({UserName=yogeshs15@gmail.com, ExpectedMessage=Edit your account information, Password=12345})">
                  </a> <!-- verify_Login_With_Valid_Cred2({UserName=yogeshs15@gmail.com, ExpectedMessage=Edit your account information, Password=12345}) -->
                  <span class="method-name">verify_Login_With_Valid_Cred2</span>
                  <span class="parameters">({UserName=yogeshs15@gmail.com, ExpectedMessage=Edit your account information, Password=12345})</span>
                </div> <!-- method-content -->
              </div> <!-- method -->
              <div class="method">
                <div class="method-content">
                  <a name="verify_Login_With_Valid_Cred_Using_Properties_File">
                  </a> <!-- verify_Login_With_Valid_Cred_Using_Properties_File -->
                  <span class="method-name">verify_Login_With_Valid_Cred_Using_Properties_File</span>
                </div> <!-- method-content -->
              </div> <!-- method -->
              <div class="method">
                <div class="method-content">
                  <a name="verify_Login_Without_Enterig_Credentials({UserName=NA , ExpectedMessage=Warning: No match for E-Mail Address and/or Password., Password=NA})">
                  </a> <!-- verify_Login_Without_Enterig_Credentials({UserName=NA , ExpectedMessage=Warning: No match for E-Mail Address and/or Password., Password=NA}) -->
                  <span class="method-name">verify_Login_Without_Enterig_Credentials</span>
                  <span class="parameters">({UserName=NA , ExpectedMessage=Warning: No match for E-Mail Address and/or Password., Password=NA})</span>
                </div> <!-- method-content -->
              </div> <!-- method -->
            </div> <!-- main-panel-content rounded-window-bottom -->
          </div> <!-- suite-FrameWork_Test_Suite-class-passed -->
          <div class="suite-FrameWork_Test_Suite-class-passed">
            <div class="main-panel-header rounded-window-top">
              <img src="passed.png"/>
              <span class="class-name">com.farmework.tests.SearchTest</span>
            </div> <!-- main-panel-header rounded-window-top -->
            <div class="main-panel-content rounded-window-bottom">
              <div class="method">
                <div class="method-content">
                  <a name="verifySearchWithValidProductName({UserName=yogeshs15@gmail.com, ExpectedMessage=NA, SearchValue=HP, Password=12345})">
                  </a> <!-- verifySearchWithValidProductName({UserName=yogeshs15@gmail.com, ExpectedMessage=NA, SearchValue=HP, Password=12345}) -->
                  <span class="method-name">verifySearchWithValidProductName</span>
                  <span class="parameters">({UserName=yogeshs15@gmail.com, ExpectedMessage=NA, SearchValue=HP, Password=12345})</span>
                </div> <!-- method-content -->
              </div> <!-- method -->
            </div> <!-- main-panel-content rounded-window-bottom -->
          </div> <!-- suite-FrameWork_Test_Suite-class-passed -->
          <div class="suite-FrameWork_Test_Suite-class-passed">
            <div class="main-panel-header rounded-window-top">
              <img src="passed.png"/>
              <span class="class-name">com.farmework.tests.UserRegisterationTest</span>
            </div> <!-- main-panel-header rounded-window-top -->
            <div class="main-panel-content rounded-window-bottom">
              <div class="method">
                <div class="method-content">
                  <a name="verifyErrorMessageForMandatoryField({Telephone=NA, FirstName=Yogesh, LastName=S, ExpectedMessage=Telephone must be between 3 and 32 char...)">
                  </a> <!-- verifyErrorMessageForMandatoryField({Telephone=NA, FirstName=Yogesh, LastName=S, ExpectedMessage=Telephone must be between 3 and 32 char...) -->
                  <span class="method-name">verifyErrorMessageForMandatoryField</span>
                  <span class="parameters">({Telephone=NA, FirstName=Yogesh, LastName=S, ExpectedMessage=Telephone must be between 3 and 32 characters!, EmailAddress=NA, Password=12345, ConfirmPassword=12345})</span>
                </div> <!-- method-content -->
              </div> <!-- method -->
              <div class="method">
                <div class="method-content">
                  <a name="verifyRegisterWithAllMandatoryDetailsExcelFileData({Telephone=8877665544, FirstName=Yogesh, LastName=S, ExpectedMessage=Your Account Has Been Created!,...)">
                  </a> <!-- verifyRegisterWithAllMandatoryDetailsExcelFileData({Telephone=8877665544, FirstName=Yogesh, LastName=S, ExpectedMessage=Your Account Has Been Created!,...) -->
                  <span class="method-name">verifyRegisterWithAllMandatoryDetailsExcelFileData</span>
                  <span class="parameters">({Telephone=8877665544, FirstName=Yogesh, LastName=S, ExpectedMessage=Your Account Has Been Created!, EmailAddress=NA, Password=12345, ConfirmPassword=12345})</span>
                </div> <!-- method-content -->
              </div> <!-- method -->
              <div class="method">
                <div class="method-content">
                  <a name="verifyRegisterWithExistingEmail({Telephone=9998887777, FirstName=Yogesh, LastName=S, ExpectedMessage=Warning: E-Mail Address is alre...)">
                  </a> <!-- verifyRegisterWithExistingEmail({Telephone=9998887777, FirstName=Yogesh, LastName=S, ExpectedMessage=Warning: E-Mail Address is alre...) -->
                  <span class="method-name">verifyRegisterWithExistingEmail</span>
                  <span class="parameters">({Telephone=9998887777, FirstName=Yogesh, LastName=S, ExpectedMessage=Warning: E-Mail Address is already registered!, EmailAddress=yogeshs15@gmail.com, Password=12345, ConfirmPassword=12345})</span>
                </div> <!-- method-content -->
              </div> <!-- method -->
            </div> <!-- main-panel-content rounded-window-bottom -->
          </div> <!-- suite-FrameWork_Test_Suite-class-passed -->
        </div> <!-- panel FrameWork_Test_Suite -->
        <div panel-name="test-xml-FrameWork_Test_Suite" class="panel">
          <div class="main-panel-header rounded-window-top">
            <span class="header-content">C:\AutomationPractice\HybridTestNGFramework\FrameWorkPractice\testng.xml</span>
          </div> <!-- main-panel-header rounded-window-top -->
          <div class="main-panel-content rounded-window-bottom">
            <pre>
&lt;?xml version=&quot;1.0&quot; encoding=&quot;UTF-8&quot;?&gt;
&lt;!DOCTYPE suite SYSTEM &quot;https://testng.org/testng-1.0.dtd&quot;&gt;
&lt;suite name=&quot;FrameWork Test Suite&quot; guice-stage=&quot;DEVELOPMENT&quot; verbose=&quot;0&quot;&gt;
  &lt;listeners&gt;
    &lt;listener class-name=&quot;com.framework.listeners.Listeners&quot;/&gt;
  &lt;/listeners&gt;
  &lt;test thread-count=&quot;5&quot; name=&quot;QALoginTest&quot; verbose=&quot;0&quot;&gt;
    &lt;classes&gt;
      &lt;class name=&quot;com.farmework.tests.LoginTest&quot;/&gt;
      &lt;class name=&quot;com.farmework.tests.UserRegisterationTest&quot;/&gt;
      &lt;class name=&quot;com.farmework.tests.SearchTest&quot;/&gt;
    &lt;/classes&gt;
  &lt;/test&gt; &lt;!-- QALoginTest --&gt;
&lt;/suite&gt; &lt;!-- FrameWork Test Suite --&gt;
            </pre>
          </div> <!-- main-panel-content rounded-window-bottom -->
        </div> <!-- panel -->
        <div panel-name="testlist-FrameWork_Test_Suite" class="panel">
          <div class="main-panel-header rounded-window-top">
            <span class="header-content">Tests for FrameWork Test Suite</span>
          </div> <!-- main-panel-header rounded-window-top -->
          <div class="main-panel-content rounded-window-bottom">
            <ul>
              <li>
                <span class="test-name">QALoginTest (3 classes)</span>
              </li>
            </ul>
          </div> <!-- main-panel-content rounded-window-bottom -->
        </div> <!-- panel -->
        <div panel-name="group-FrameWork_Test_Suite" class="panel">
          <div class="main-panel-header rounded-window-top">
            <span class="header-content">Groups for FrameWork Test Suite</span>
          </div> <!-- main-panel-header rounded-window-top -->
          <div class="main-panel-content rounded-window-bottom">
          </div> <!-- main-panel-content rounded-window-bottom -->
        </div> <!-- panel -->
        <div panel-name="times-FrameWork_Test_Suite" class="panel">
          <div class="main-panel-header rounded-window-top">
            <span class="header-content">Times for FrameWork Test Suite</span>
          </div> <!-- main-panel-header rounded-window-top -->
          <div class="main-panel-content rounded-window-bottom">
            <div class="times-div">
              <script type="text/javascript">
suiteTableInitFunctions.push('tableData_FrameWork_Test_Suite');
function tableData_FrameWork_Test_Suite() {
var data = new google.visualization.DataTable();
data.addColumn('number', 'Number');
data.addColumn('string', 'Method');
data.addColumn('string', 'Class');
data.addColumn('number', 'Time (ms)');
data.addRows(11);
data.setCell(0, 0, 0)
data.setCell(0, 1, 'verifyErrorMessageForMandatoryField')
data.setCell(0, 2, 'com.farmework.tests.UserRegisterationTest')
data.setCell(0, 3, 11134);
data.setCell(1, 0, 1)
data.setCell(1, 1, 'verify_Login_With_Valid_Cred_Using_Properties_File')
data.setCell(1, 2, 'com.farmework.tests.LoginTest')
data.setCell(1, 3, 7834);
data.setCell(2, 0, 2)
data.setCell(2, 1, 'verify_Login_Without_Enterig_Credentials')
data.setCell(2, 2, 'com.farmework.tests.LoginTest')
data.setCell(2, 3, 5976);
data.setCell(3, 0, 3)
data.setCell(3, 1, 'verify_Login_With_Valid_Cred2')
data.setCell(3, 2, 'com.farmework.tests.LoginTest')
data.setCell(3, 3, 5331);
data.setCell(4, 0, 4)
data.setCell(4, 1, 'verifySearchWithValidProductName')
data.setCell(4, 2, 'com.farmework.tests.SearchTest')
data.setCell(4, 3, 3654);
data.setCell(5, 0, 5)
data.setCell(5, 1, 'verify_Login_With_InValid_Cred')
data.setCell(5, 2, 'com.farmework.tests.LoginTest')
data.setCell(5, 3, 2979);
data.setCell(6, 0, 6)
data.setCell(6, 1, 'verifyRegisterWithAllMandatoryDetailsExcelFileData')
data.setCell(6, 2, 'com.farmework.tests.UserRegisterationTest')
data.setCell(6, 3, 1600);
data.setCell(7, 0, 7)
data.setCell(7, 1, 'verifyRegisterWithExistingEmail')
data.setCell(7, 2, 'com.farmework.tests.UserRegisterationTest')
data.setCell(7, 3, 1425);
data.setCell(8, 0, 8)
data.setCell(8, 1, 'registerWithAllMandatoryDetailsPropertyFileData')
data.setCell(8, 2, 'com.farmework.tests.UserRegisterationTest')
data.setCell(8, 3, 1380);
data.setCell(9, 0, 9)
data.setCell(9, 1, 'verify_Login_With_Valid_Cred1')
data.setCell(9, 2, 'com.farmework.tests.LoginTest')
data.setCell(9, 3, 884);
data.setCell(10, 0, 10)
data.setCell(10, 1, 'verifySearchWithInValidProductName')
data.setCell(10, 2, 'com.farmework.tests.SearchTest')
data.setCell(10, 3, 803);
window.suiteTableData['FrameWork_Test_Suite']= { tableData: data, tableDiv: 'times-div-FrameWork_Test_Suite'}
return data;
}
              </script>
              <span class="suite-total-time">Total running time: 43 seconds</span>
              <div id="times-div-FrameWork_Test_Suite">
              </div> <!-- times-div-FrameWork_Test_Suite -->
            </div> <!-- times-div -->
          </div> <!-- main-panel-content rounded-window-bottom -->
        </div> <!-- panel -->
        <div panel-name="reporter-FrameWork_Test_Suite" class="panel">
          <div class="main-panel-header rounded-window-top">
            <span class="header-content">Reporter output for FrameWork Test Suite</span>
          </div> <!-- main-panel-header rounded-window-top -->
          <div class="main-panel-content rounded-window-bottom">
          </div> <!-- main-panel-content rounded-window-bottom -->
        </div> <!-- panel -->
        <div panel-name="ignored-methods-FrameWork_Test_Suite" class="panel">
          <div class="main-panel-header rounded-window-top">
            <span class="header-content">4 ignored methods</span>
          </div> <!-- main-panel-header rounded-window-top -->
          <div class="main-panel-content rounded-window-bottom">
            <div class="ignored-class-div">
              <span class="ignored-class-name">com.farmework.tests.SearchTest</span>
              <div class="ignored-methods-div">
                <span class="ignored-method-name">quitBrowser</span>
                <br/>
                <span class="ignored-method-name">setUp</span>
                <br/>
              </div> <!-- ignored-methods-div -->
            </div> <!-- ignored-class-div -->
            <div class="ignored-class-div">
              <span class="ignored-class-name">com.farmework.tests.UserRegisterationTest</span>
              <div class="ignored-methods-div">
                <span class="ignored-method-name">quitBrowser</span>
                <br/>
                <span class="ignored-method-name">setUp</span>
                <br/>
              </div> <!-- ignored-methods-div -->
            </div> <!-- ignored-class-div -->
          </div> <!-- main-panel-content rounded-window-bottom -->
        </div> <!-- panel -->
        <div panel-name="chronological-FrameWork_Test_Suite" class="panel">
          <div class="main-panel-header rounded-window-top">
            <span class="header-content">Methods in chronological order</span>
          </div> <!-- main-panel-header rounded-window-top -->
          <div class="main-panel-content rounded-window-bottom">
            <div class="chronological-class">
              <div class="chronological-class-name">com.farmework.tests.LoginTest</div> <!-- chronological-class-name -->
              <div class="configuration-suite before">
                <span class="method-name">setUp</span>
                <span class="method-start">0 ms</span>
              </div> <!-- configuration-suite before -->
              <div class="configuration-method before">
                <span class="method-name">login</span>
                <span class="method-start">5698 ms</span>
              </div> <!-- configuration-method before -->
              <div class="test-method">
                <span class="method-name">verify_Login_With_InValid_Cred({UserName=narendramodi@gmail.com, ExpectedMessage=Warning: No match for E-Mail Address and/or Passwo...)</span>
                <span class="method-start">6238 ms</span>
              </div> <!-- test-method -->
              <div class="configuration-method after">
                <span class="method-name">logout</span>
                <span class="method-start">9227 ms</span>
              </div> <!-- configuration-method after -->
              <div class="configuration-method before">
                <span class="method-name">login</span>
                <span class="method-start">9361 ms</span>
              </div> <!-- configuration-method before -->
              <div class="test-method">
                <span class="method-name">verify_Login_With_Valid_Cred1({UserName=rameshsd@gmail.com, ExpectedMessage=Edit your account information, Password=12345})</span>
                <span class="method-start">9764 ms</span>
              </div> <!-- test-method -->
              <div class="configuration-method after">
                <span class="method-name">logout</span>
                <span class="method-start">10652 ms</span>
              </div> <!-- configuration-method after -->
              <div class="configuration-method before">
                <span class="method-name">login</span>
                <span class="method-start">14246 ms</span>
              </div> <!-- configuration-method before -->
              <div class="test-method">
                <span class="method-name">verify_Login_With_Valid_Cred2({UserName=yogeshs15@gmail.com, ExpectedMessage=Edit your account information, Password=12345})</span>
                <span class="method-start">14663 ms</span>
              </div> <!-- test-method -->
              <div class="configuration-method after">
                <span class="method-name">logout</span>
                <span class="method-start">19996 ms</span>
              </div> <!-- configuration-method after -->
              <div class="configuration-method before">
                <span class="method-name">login</span>
                <span class="method-start">23554 ms</span>
              </div> <!-- configuration-method before -->
              <div class="test-method">
                <span class="method-name">verify_Login_With_Valid_Cred_Using_Properties_File</span>
                <span class="method-start">24032 ms</span>
              </div> <!-- test-method -->
              <div class="configuration-method after">
                <span class="method-name">logout</span>
                <span class="method-start">31870 ms</span>
              </div> <!-- configuration-method after -->
              <div class="configuration-method before">
                <span class="method-name">login</span>
                <span class="method-start">35404 ms</span>
              </div> <!-- configuration-method before -->
              <div class="test-method">
                <span class="method-name">verify_Login_Without_Enterig_Credentials({UserName=NA , ExpectedMessage=Warning: No match for E-Mail Address and/or Password., Password=NA})</span>
                <span class="method-start">35751 ms</span>
              </div> <!-- test-method -->
              <div class="configuration-method after">
                <span class="method-name">logout</span>
                <span class="method-start">41730 ms</span>
              </div> <!-- configuration-method after -->
            </div> <!-- chronological-class -->
            <div class="chronological-class">
              <div class="chronological-class-name">com.farmework.tests.UserRegisterationTest</div> <!-- chronological-class-name -->
              <div class="configuration-method before">
                <span class="method-name">navigateTORegisterPage</span>
                <span class="method-start">41804 ms</span>
              </div> <!-- configuration-method before -->
              <div class="test-method">
                <span class="method-name">verifyRegisterWithAllMandatoryDetailsExcelFileData({Telephone=8877665544, FirstName=Yogesh, LastName=S, ExpectedMessage=Your Account Has Been Created!,...)</span>
                <span class="method-start">42471 ms</span>
              </div> <!-- test-method -->
              <div class="configuration-method after">
                <span class="method-name">logout</span>
                <span class="method-start">44072 ms</span>
              </div> <!-- configuration-method after -->
              <div class="configuration-method before">
                <span class="method-name">navigateTORegisterPage</span>
                <span class="method-start">49996 ms</span>
              </div> <!-- configuration-method before -->
              <div class="test-method">
                <span class="method-name">verifyRegisterWithExistingEmail({Telephone=9998887777, FirstName=Yogesh, LastName=S, ExpectedMessage=Warning: E-Mail Address is alre...)</span>
                <span class="method-start">50531 ms</span>
              </div> <!-- test-method -->
              <div class="configuration-method after">
                <span class="method-name">logout</span>
                <span class="method-start">51957 ms</span>
              </div> <!-- configuration-method after -->
              <div class="configuration-method before">
                <span class="method-name">navigateTORegisterPage</span>
                <span class="method-start">57767 ms</span>
              </div> <!-- configuration-method before -->
              <div class="test-method">
                <span class="method-name">verifyErrorMessageForMandatoryField({Telephone=NA, FirstName=Yogesh, LastName=S, ExpectedMessage=Telephone must be between 3 and 32 char...)</span>
                <span class="method-start">58237 ms</span>
              </div> <!-- test-method -->
              <div class="configuration-method after">
                <span class="method-name">logout</span>
                <span class="method-start">69372 ms</span>
              </div> <!-- configuration-method after -->
              <div class="configuration-method before">
                <span class="method-name">navigateTORegisterPage</span>
                <span class="method-start">75001 ms</span>
              </div> <!-- configuration-method before -->
              <div class="test-method">
                <img src="failed.png">
                </img>
                <span class="method-name">registerWithAllMandatoryDetailsPropertyFileData</span>
                <span class="method-start">75461 ms</span>
              </div> <!-- test-method -->
              <div class="configuration-method after">
                <span class="method-name">logout</span>
                <span class="method-start">77139 ms</span>
              </div> <!-- configuration-method after -->
            </div> <!-- chronological-class -->
            <div class="chronological-class">
              <div class="chronological-class-name">com.farmework.tests.SearchTest</div> <!-- chronological-class-name -->
              <div class="configuration-method before">
                <span class="method-name">login</span>
                <span class="method-start">82772 ms</span>
              </div> <!-- configuration-method before -->
              <div class="test-method">
                <img src="failed.png">
                </img>
                <span class="method-name">verifySearchWithInValidProductName({UserName=yogeshs15@gmail.com, ExpectedMessage=There is no product that matches the search criteria....)</span>
                <span class="method-start">83202 ms</span>
              </div> <!-- test-method -->
              <div class="configuration-method after">
                <span class="method-name">logout</span>
                <span class="method-start">84264 ms</span>
              </div> <!-- configuration-method after -->
              <div class="configuration-method before">
                <span class="method-name">login</span>
                <span class="method-start">100066 ms</span>
              </div> <!-- configuration-method before -->
              <div class="test-method">
                <span class="method-name">verifySearchWithValidProductName({UserName=yogeshs15@gmail.com, ExpectedMessage=NA, SearchValue=HP, Password=12345})</span>
                <span class="method-start">100566 ms</span>
              </div> <!-- test-method -->
              <div class="configuration-method after">
                <span class="method-name">logout</span>
                <span class="method-start">104232 ms</span>
              </div> <!-- configuration-method after -->
            </div> <!-- chronological-class -->
            <div class="chronological-class">
              <div class="chronological-class-name">com.farmework.tests.LoginTest</div> <!-- chronological-class-name -->
              <div class="configuration-suite after">
                <span class="method-name">quitBrowser</span>
                <span class="method-start">121061 ms</span>
              </div> <!-- configuration-suite after -->
          </div> <!-- main-panel-content rounded-window-bottom -->
        </div> <!-- panel -->
      </div> <!-- main-panel-root -->
    </div> <!-- wrapper -->
  </body>
<script type="text/javascript" src="testng-reports2.js"></script>
</html>
