<?xml version="1.0" encoding="UTF-8"?>
<testng-results ignored="4" total="15" passed="9" failed="2" skipped="0">
  <reporter-output>
  </reporter-output>
  <suite started-at="2024-12-22T06:51:45 IST" name="FrameWork Test Suite" finished-at="2024-12-22T06:53:41 IST" duration-ms="115712">
    <groups>
    </groups>
    <test started-at="2024-12-22T06:51:45 IST" name="QALoginTest" finished-at="2024-12-22T06:53:41 IST" duration-ms="115712">
      <class name="com.farmework.tests.LoginTest">
        <test-method is-config="true" signature="setUp()[pri:0, instance:com.farmework.tests.LoginTest@52815fa3]" started-at="2024-12-22T06:51:41 IST" name="setUp" finished-at="2024-12-22T06:51:45 IST" duration-ms="4357" status="PASS">
          <reporter-output>
          </reporter-output>
        </test-method> <!-- setUp -->
        <test-method is-config="true" signature="login()[pri:0, instance:com.farmework.tests.LoginTest@52815fa3]" started-at="2024-12-22T06:51:46 IST" name="login" finished-at="2024-12-22T06:51:47 IST" duration-ms="537" status="PASS">
          <reporter-output>
          </reporter-output>
        </test-method> <!-- login -->
        <test-method signature="verify_Login_With_InValid_Cred(java.util.Map)[pri:0, instance:com.farmework.tests.LoginTest@52815fa3]" started-at="2024-12-22T06:51:47 IST" name="verify_Login_With_InValid_Cred" data-provider="validCredentialSupplier" finished-at="2024-12-22T06:51:50 IST" duration-ms="2979" status="PASS">
          <params>
            <param index="0">
              <value>
                <![CDATA[{UserName=narendramodi@gmail.com, ExpectedMessage=Warning: No match for E-Mail Address and/or Password., Password=123}]]>
              </value>
            </param>
          </params>
          <reporter-output>
          </reporter-output>
        </test-method> <!-- verify_Login_With_InValid_Cred -->
        <test-method is-config="true" signature="logout()[pri:0, instance:com.farmework.tests.LoginTest@52815fa3]" started-at="2024-12-22T06:51:50 IST" name="logout" finished-at="2024-12-22T06:51:50 IST" duration-ms="1" status="PASS">
          <reporter-output>
          </reporter-output>
        </test-method> <!-- logout -->
        <test-method is-config="true" signature="login()[pri:0, instance:com.farmework.tests.LoginTest@52815fa3]" started-at="2024-12-22T06:51:50 IST" name="login" finished-at="2024-12-22T06:51:51 IST" duration-ms="403" status="PASS">
          <reporter-output>
          </reporter-output>
        </test-method> <!-- login -->
        <test-method signature="verify_Login_With_Valid_Cred1(java.util.Map)[pri:0, instance:com.farmework.tests.LoginTest@52815fa3]" started-at="2024-12-22T06:51:51 IST" name="verify_Login_With_Valid_Cred1" data-provider="validCredentialSupplier" finished-at="2024-12-22T06:51:51 IST" duration-ms="884" status="PASS">
          <params>
            <param index="0">
              <value>
                <![CDATA[{UserName=rameshsd@gmail.com, ExpectedMessage=Edit your account information, Password=12345}]]>
              </value>
            </param>
          </params>
          <reporter-output>
          </reporter-output>
        </test-method> <!-- verify_Login_With_Valid_Cred1 -->
        <test-method is-config="true" signature="logout()[pri:0, instance:com.farmework.tests.LoginTest@52815fa3]" started-at="2024-12-22T06:51:51 IST" name="logout" finished-at="2024-12-22T06:51:55 IST" duration-ms="3493" status="PASS">
          <reporter-output>
          </reporter-output>
        </test-method> <!-- logout -->
        <test-method is-config="true" signature="login()[pri:0, instance:com.farmework.tests.LoginTest@52815fa3]" started-at="2024-12-22T06:51:55 IST" name="login" finished-at="2024-12-22T06:51:55 IST" duration-ms="417" status="PASS">
          <reporter-output>
          </reporter-output>
        </test-method> <!-- login -->
        <test-method signature="verify_Login_With_Valid_Cred2(java.util.Map)[pri:0, instance:com.farmework.tests.LoginTest@52815fa3]" started-at="2024-12-22T06:51:55 IST" name="verify_Login_With_Valid_Cred2" data-provider="validCredentialSupplier" finished-at="2024-12-22T06:52:01 IST" duration-ms="5331" status="PASS">
          <params>
            <param index="0">
              <value>
                <![CDATA[{UserName=yogeshs15@gmail.com, ExpectedMessage=Edit your account information, Password=12345}]]>
              </value>
            </param>
          </params>
          <reporter-output>
          </reporter-output>
        </test-method> <!-- verify_Login_With_Valid_Cred2 -->
        <test-method is-config="true" signature="logout()[pri:0, instance:com.farmework.tests.LoginTest@52815fa3]" started-at="2024-12-22T06:52:01 IST" name="logout" finished-at="2024-12-22T06:52:04 IST" duration-ms="3557" status="PASS">
          <reporter-output>
          </reporter-output>
        </test-method> <!-- logout -->
        <test-method is-config="true" signature="login()[pri:0, instance:com.farmework.tests.LoginTest@52815fa3]" started-at="2024-12-22T06:52:04 IST" name="login" finished-at="2024-12-22T06:52:05 IST" duration-ms="478" status="PASS">
          <reporter-output>
          </reporter-output>
        </test-method> <!-- login -->
        <test-method signature="verify_Login_With_Valid_Cred_Using_Properties_File()[pri:0, instance:com.farmework.tests.LoginTest@52815fa3]" started-at="2024-12-22T06:52:05 IST" name="verify_Login_With_Valid_Cred_Using_Properties_File" finished-at="2024-12-22T06:52:13 IST" duration-ms="7834" status="PASS">
          <reporter-output>
          </reporter-output>
        </test-method> <!-- verify_Login_With_Valid_Cred_Using_Properties_File -->
        <test-method is-config="true" signature="logout()[pri:0, instance:com.farmework.tests.LoginTest@52815fa3]" started-at="2024-12-22T06:52:13 IST" name="logout" finished-at="2024-12-22T06:52:16 IST" duration-ms="3454" status="PASS">
          <reporter-output>
          </reporter-output>
        </test-method> <!-- logout -->
        <test-method is-config="true" signature="login()[pri:0, instance:com.farmework.tests.LoginTest@52815fa3]" started-at="2024-12-22T06:52:16 IST" name="login" finished-at="2024-12-22T06:52:17 IST" duration-ms="347" status="PASS">
          <reporter-output>
          </reporter-output>
        </test-method> <!-- login -->
        <test-method signature="verify_Login_Without_Enterig_Credentials(java.util.Map)[pri:0, instance:com.farmework.tests.LoginTest@52815fa3]" started-at="2024-12-22T06:52:17 IST" name="verify_Login_Without_Enterig_Credentials" data-provider="validCredentialSupplier" finished-at="2024-12-22T06:52:23 IST" duration-ms="5976" status="PASS">
          <params>
            <param index="0">
              <value>
                <![CDATA[{UserName=NA , ExpectedMessage=Warning: No match for E-Mail Address and/or Password., Password=NA}]]>
              </value>
            </param>
          </params>
          <reporter-output>
          </reporter-output>
        </test-method> <!-- verify_Login_Without_Enterig_Credentials -->
        <test-method is-config="true" signature="logout()[pri:0, instance:com.farmework.tests.LoginTest@52815fa3]" started-at="2024-12-22T06:52:23 IST" name="logout" finished-at="2024-12-22T06:52:23 IST" duration-ms="1" status="PASS">
          <reporter-output>
          </reporter-output>
        </test-method> <!-- logout -->
        <test-method is-config="true" signature="quitBrowser()[pri:0, instance:com.farmework.tests.LoginTest@52815fa3]" started-at="2024-12-22T06:53:42 IST" name="quitBrowser" finished-at="2024-12-22T06:53:44 IST" duration-ms="1935" status="PASS">
          <reporter-output>
          </reporter-output>
        </test-method> <!-- quitBrowser -->
      </class> <!-- com.farmework.tests.LoginTest -->
      <class name="com.farmework.tests.UserRegisterationTest">
        <test-method is-config="true" signature="navigateTORegisterPage()[pri:0, instance:com.farmework.tests.UserRegisterationTest@20d7d6fb]" started-at="2024-12-22T06:52:23 IST" name="navigateTORegisterPage" finished-at="2024-12-22T06:52:23 IST" duration-ms="667" status="PASS">
          <reporter-output>
          </reporter-output>
        </test-method> <!-- navigateTORegisterPage -->
        <test-method signature="verifyRegisterWithAllMandatoryDetailsExcelFileData(java.util.Map)[pri:1, instance:com.farmework.tests.UserRegisterationTest@20d7d6fb]" started-at="2024-12-22T06:52:23 IST" name="verifyRegisterWithAllMandatoryDetailsExcelFileData" data-provider="validCredentialSupplier" finished-at="2024-12-22T06:52:25 IST" duration-ms="1600" status="PASS">
          <params>
            <param index="0">
              <value>
                <![CDATA[{Telephone=8877665544, FirstName=Yogesh, LastName=S, ExpectedMessage=Your Account Has Been Created!, EmailAddress=NA, Password=12345, ConfirmPassword=12345}]]>
              </value>
            </param>
          </params>
          <reporter-output>
          </reporter-output>
        </test-method> <!-- verifyRegisterWithAllMandatoryDetailsExcelFileData -->
        <test-method is-config="true" signature="logout()[pri:0, instance:com.farmework.tests.UserRegisterationTest@20d7d6fb]" started-at="2024-12-22T06:52:25 IST" name="logout" finished-at="2024-12-22T06:52:30 IST" duration-ms="5577" status="PASS">
          <reporter-output>
          </reporter-output>
        </test-method> <!-- logout -->
        <test-method is-config="true" signature="navigateTORegisterPage()[pri:0, instance:com.farmework.tests.UserRegisterationTest@20d7d6fb]" started-at="2024-12-22T06:52:31 IST" name="navigateTORegisterPage" finished-at="2024-12-22T06:52:31 IST" duration-ms="535" status="PASS">
          <reporter-output>
          </reporter-output>
        </test-method> <!-- navigateTORegisterPage -->
        <test-method signature="verifyRegisterWithExistingEmail(java.util.Map)[pri:2, instance:com.farmework.tests.UserRegisterationTest@20d7d6fb]" started-at="2024-12-22T06:52:31 IST" name="verifyRegisterWithExistingEmail" data-provider="validCredentialSupplier" finished-at="2024-12-22T06:52:33 IST" duration-ms="1425" status="PASS">
          <params>
            <param index="0">
              <value>
                <![CDATA[{Telephone=9998887777, FirstName=Yogesh, LastName=S, ExpectedMessage=Warning: E-Mail Address is already registered!, EmailAddress=yogeshs15@gmail.com, Password=12345, ConfirmPassword=12345}]]>
              </value>
            </param>
          </params>
          <reporter-output>
          </reporter-output>
        </test-method> <!-- verifyRegisterWithExistingEmail -->
        <test-method is-config="true" signature="logout()[pri:0, instance:com.farmework.tests.UserRegisterationTest@20d7d6fb]" started-at="2024-12-22T06:52:33 IST" name="logout" finished-at="2024-12-22T06:52:38 IST" duration-ms="5639" status="PASS">
          <reporter-output>
          </reporter-output>
        </test-method> <!-- logout -->
        <test-method is-config="true" signature="navigateTORegisterPage()[pri:0, instance:com.farmework.tests.UserRegisterationTest@20d7d6fb]" started-at="2024-12-22T06:52:39 IST" name="navigateTORegisterPage" finished-at="2024-12-22T06:52:39 IST" duration-ms="470" status="PASS">
          <reporter-output>
          </reporter-output>
        </test-method> <!-- navigateTORegisterPage -->
        <test-method signature="verifyErrorMessageForMandatoryField(java.util.Map)[pri:3, instance:com.farmework.tests.UserRegisterationTest@20d7d6fb]" started-at="2024-12-22T06:52:39 IST" name="verifyErrorMessageForMandatoryField" data-provider="validCredentialSupplier" finished-at="2024-12-22T06:52:50 IST" duration-ms="11134" status="PASS">
          <params>
            <param index="0">
              <value>
                <![CDATA[{Telephone=NA, FirstName=Yogesh, LastName=S, ExpectedMessage=Telephone must be between 3 and 32 characters!, EmailAddress=NA, Password=12345, ConfirmPassword=12345}]]>
              </value>
            </param>
          </params>
          <reporter-output>
          </reporter-output>
        </test-method> <!-- verifyErrorMessageForMandatoryField -->
        <test-method is-config="true" signature="logout()[pri:0, instance:com.farmework.tests.UserRegisterationTest@20d7d6fb]" started-at="2024-12-22T06:52:50 IST" name="logout" finished-at="2024-12-22T06:52:56 IST" duration-ms="5624" status="PASS">
          <reporter-output>
          </reporter-output>
        </test-method> <!-- logout -->
        <test-method is-config="true" signature="navigateTORegisterPage()[pri:0, instance:com.farmework.tests.UserRegisterationTest@20d7d6fb]" started-at="2024-12-22T06:52:56 IST" name="navigateTORegisterPage" finished-at="2024-12-22T06:52:56 IST" duration-ms="460" status="PASS">
          <reporter-output>
          </reporter-output>
        </test-method> <!-- navigateTORegisterPage -->
        <test-method signature="registerWithAllMandatoryDetailsPropertyFileData()[pri:4, instance:com.farmework.tests.UserRegisterationTest@20d7d6fb]" started-at="2024-12-22T06:52:56 IST" name="registerWithAllMandatoryDetailsPropertyFileData" finished-at="2024-12-22T06:52:58 IST" duration-ms="1380" status="FAIL">
          <exception class="org.openqa.selenium.StaleElementReferenceException">
            <message>
              <![CDATA[stale element reference: stale element not found
  (Session info: chrome=131.0.6778.204)
For documentation on this error, please visit: https://www.selenium.dev/documentation/webdriver/troubleshooting/errors#stale-element-reference-exception
Build info: version: '4.16.1', revision: '9b4c83354e'
System info: os.name: 'Windows 10', os.arch: 'amd64', os.version: '10.0', java.version: '17.0.5'
Driver info: org.openqa.selenium.chrome.ChromeDriver
Command: [86e957362e79bcbf3a57f42da2f03ef3, getElementText {id=f.D3676C411CCB5863F39844F08EAED248.d.D364DB0D6DC468928DF3ED1ACA879B44.e.546}]
Capabilities {acceptInsecureCerts: false, browserName: chrome, browserVersion: 131.0.6778.204, chrome: {chromedriverVersion: 131.0.6778.204 (52183f9e99a..., userDataDir: C:\Users\dsshi\AppData\Loca...}, fedcm:accounts: true, goog:chromeOptions: {debuggerAddress: localhost:58944}, networkConnectionEnabled: false, pageLoadStrategy: normal, platformName: windows, proxy: Proxy(), se:cdp: ws://localhost:58944/devtoo..., se:cdpVersion: 131.0.6778.204, setWindowRect: true, strictFileInteractability: false, timeouts: {implicit: 0, pageLoad: 300000, script: 30000}, unhandledPromptBehavior: dismiss and notify, webauthn:extension:credBlob: true, webauthn:extension:largeBlob: true, webauthn:extension:minPinLength: true, webauthn:extension:prf: true, webauthn:virtualAuthenticators: true}
Element: [[ChromeDriver: chrome on windows (86e957362e79bcbf3a57f42da2f03ef3)] -> xpath: //div[@id='content']/h1]
Session ID: 86e957362e79bcbf3a57f42da2f03ef3]]>
            </message>
            <full-stacktrace>
              <![CDATA[org.openqa.selenium.StaleElementReferenceException: stale element reference: stale element not found
  (Session info: chrome=131.0.6778.204)
For documentation on this error, please visit: https://www.selenium.dev/documentation/webdriver/troubleshooting/errors#stale-element-reference-exception
Build info: version: '4.16.1', revision: '9b4c83354e'
System info: os.name: 'Windows 10', os.arch: 'amd64', os.version: '10.0', java.version: '17.0.5'
Driver info: org.openqa.selenium.chrome.ChromeDriver
Command: [86e957362e79bcbf3a57f42da2f03ef3, getElementText {id=f.D3676C411CCB5863F39844F08EAED248.d.D364DB0D6DC468928DF3ED1ACA879B44.e.546}]
Capabilities {acceptInsecureCerts: false, browserName: chrome, browserVersion: 131.0.6778.204, chrome: {chromedriverVersion: 131.0.6778.204 (52183f9e99a..., userDataDir: C:\Users\dsshi\AppData\Loca...}, fedcm:accounts: true, goog:chromeOptions: {debuggerAddress: localhost:58944}, networkConnectionEnabled: false, pageLoadStrategy: normal, platformName: windows, proxy: Proxy(), se:cdp: ws://localhost:58944/devtoo..., se:cdpVersion: 131.0.6778.204, setWindowRect: true, strictFileInteractability: false, timeouts: {implicit: 0, pageLoad: 300000, script: 30000}, unhandledPromptBehavior: dismiss and notify, webauthn:extension:credBlob: true, webauthn:extension:largeBlob: true, webauthn:extension:minPinLength: true, webauthn:extension:prf: true, webauthn:virtualAuthenticators: true}
Element: [[ChromeDriver: chrome on windows (86e957362e79bcbf3a57f42da2f03ef3)] -> xpath: //div[@id='content']/h1]
Session ID: 86e957362e79bcbf3a57f42da2f03ef3
at java.base/jdk.internal.reflect.NativeConstructorAccessorImpl.newInstance0(Native Method)
at java.base/jdk.internal.reflect.NativeConstructorAccessorImpl.newInstance(NativeConstructorAccessorImpl.java:77)
at java.base/jdk.internal.reflect.DelegatingConstructorAccessorImpl.newInstance(DelegatingConstructorAccessorImpl.java:45)
at java.base/java.lang.reflect.Constructor.newInstanceWithCaller(Constructor.java:499)
at java.base/java.lang.reflect.Constructor.newInstance(Constructor.java:480)
at org.openqa.selenium.remote.codec.w3c.W3CHttpResponseCodec.createException(W3CHttpResponseCodec.java:200)
at org.openqa.selenium.remote.codec.w3c.W3CHttpResponseCodec.decode(W3CHttpResponseCodec.java:133)
at org.openqa.selenium.remote.codec.w3c.W3CHttpResponseCodec.decode(W3CHttpResponseCodec.java:52)
at org.openqa.selenium.remote.HttpCommandExecutor.execute(HttpCommandExecutor.java:191)
at org.openqa.selenium.remote.service.DriverCommandExecutor.invokeExecute(DriverCommandExecutor.java:200)
at org.openqa.selenium.remote.service.DriverCommandExecutor.execute(DriverCommandExecutor.java:175)
at org.openqa.selenium.remote.RemoteWebDriver.execute(RemoteWebDriver.java:523)
at org.openqa.selenium.remote.RemoteWebElement.execute(RemoteWebElement.java:224)
at org.openqa.selenium.remote.RemoteWebElement.getText(RemoteWebElement.java:192)
at com.framework.utils.Utilities.actualMessageDisplayed(Utilities.java:95)
at com.frameworkpractice.pages.UserRegisterationPage.actualMessageSuccessfulRegi(UserRegisterationPage.java:87)
at com.farmework.tests.UserRegisterationTest.registerWithAllMandatoryDetailsPropertyFileData(UserRegisterationTest.java:61)
at java.base/jdk.internal.reflect.NativeMethodAccessorImpl.invoke0(Native Method)
at java.base/jdk.internal.reflect.NativeMethodAccessorImpl.invoke(NativeMethodAccessorImpl.java:77)
at java.base/jdk.internal.reflect.DelegatingMethodAccessorImpl.invoke(DelegatingMethodAccessorImpl.java:43)
at java.base/java.lang.reflect.Method.invoke(Method.java:568)
at org.testng.internal.invokers.MethodInvocationHelper.invokeMethod(MethodInvocationHelper.java:139)
at org.testng.internal.invokers.TestInvoker.invokeMethod(TestInvoker.java:677)
at org.testng.internal.invokers.TestInvoker.invokeTestMethod(TestInvoker.java:221)
at org.testng.internal.invokers.MethodRunner.runInSequence(MethodRunner.java:50)
at org.testng.internal.invokers.TestInvoker$MethodInvocationAgent.invoke(TestInvoker.java:969)
at org.testng.internal.invokers.TestInvoker.invokeTestMethods(TestInvoker.java:194)
at org.testng.internal.invokers.TestMethodWorker.invokeTestMethods(TestMethodWorker.java:148)
at org.testng.internal.invokers.TestMethodWorker.run(TestMethodWorker.java:128)
at java.base/java.util.ArrayList.forEach(ArrayList.java:1511)
at org.testng.TestRunner.privateRun(TestRunner.java:829)
at org.testng.TestRunner.run(TestRunner.java:602)
at org.testng.SuiteRunner.runTest(SuiteRunner.java:437)
at org.testng.SuiteRunner.runSequentially(SuiteRunner.java:431)
at org.testng.SuiteRunner.privateRun(SuiteRunner.java:391)
at org.testng.SuiteRunner.run(SuiteRunner.java:330)
at org.testng.SuiteRunnerWorker.runSuite(SuiteRunnerWorker.java:52)
at org.testng.SuiteRunnerWorker.run(SuiteRunnerWorker.java:95)
at org.testng.TestNG.runSuitesSequentially(TestNG.java:1256)
at org.testng.TestNG.runSuitesLocally(TestNG.java:1176)
at org.testng.TestNG.runSuites(TestNG.java:1099)
at org.testng.TestNG.run(TestNG.java:1067)
at org.apache.maven.surefire.testng.TestNGExecutor.run(TestNGExecutor.java:308)
at org.apache.maven.surefire.testng.TestNGXmlTestSuite.execute(TestNGXmlTestSuite.java:71)
at org.apache.maven.surefire.testng.TestNGProvider.invoke(TestNGProvider.java:113)
at org.apache.maven.surefire.booter.ForkedBooter.runSuitesInProcess(ForkedBooter.java:385)
at org.apache.maven.surefire.booter.ForkedBooter.execute(ForkedBooter.java:162)
at org.apache.maven.surefire.booter.ForkedBooter.run(ForkedBooter.java:507)
at org.apache.maven.surefire.booter.ForkedBooter.main(ForkedBooter.java:495)
]]>
            </full-stacktrace>
          </exception> <!-- org.openqa.selenium.StaleElementReferenceException -->
          <reporter-output>
          </reporter-output>
        </test-method> <!-- registerWithAllMandatoryDetailsPropertyFileData -->
        <test-method is-config="true" signature="logout()[pri:0, instance:com.farmework.tests.UserRegisterationTest@20d7d6fb]" started-at="2024-12-22T06:52:58 IST" name="logout" finished-at="2024-12-22T06:53:03 IST" duration-ms="5539" status="PASS">
          <reporter-output>
          </reporter-output>
        </test-method> <!-- logout -->
      </class> <!-- com.farmework.tests.UserRegisterationTest -->
      <class name="com.farmework.tests.SearchTest">
        <test-method is-config="true" signature="login()[pri:0, instance:com.farmework.tests.SearchTest@11d8ae8b]" started-at="2024-12-22T06:53:04 IST" name="login" finished-at="2024-12-22T06:53:04 IST" duration-ms="430" status="PASS">
          <reporter-output>
          </reporter-output>
        </test-method> <!-- login -->
        <test-method signature="verifySearchWithInValidProductName(java.util.Map)[pri:0, instance:com.farmework.tests.SearchTest@11d8ae8b]" started-at="2024-12-22T06:53:04 IST" name="verifySearchWithInValidProductName" data-provider="validCredentialSupplier" finished-at="2024-12-22T06:53:05 IST" duration-ms="803" status="FAIL">
          <params>
            <param index="0">
              <value>
                <![CDATA[{UserName=yogeshs15@gmail.com, ExpectedMessage=There is no product that matches the search criteria., SearchValue=HPO, Password=12345}]]>
              </value>
            </param>
          </params>
          <exception class="org.openqa.selenium.StaleElementReferenceException">
            <message>
              <![CDATA[stale element reference: stale element not found
  (Session info: chrome=131.0.6778.204)
For documentation on this error, please visit: https://www.selenium.dev/documentation/webdriver/troubleshooting/errors#stale-element-reference-exception
Build info: version: '4.16.1', revision: '9b4c83354e'
System info: os.name: 'Windows 10', os.arch: 'amd64', os.version: '10.0', java.version: '17.0.5'
Driver info: org.openqa.selenium.chrome.ChromeDriver
Command: [86e957362e79bcbf3a57f42da2f03ef3, sendKeysToElement {id=f.D3676C411CCB5863F39844F08EAED248.d.A0D01CE284E379DF3ECC6D2532E2806B.e.565, value=[Ljava.lang.CharSequence;@7b351446}]
Capabilities {acceptInsecureCerts: false, browserName: chrome, browserVersion: 131.0.6778.204, chrome: {chromedriverVersion: 131.0.6778.204 (52183f9e99a..., userDataDir: C:\Users\dsshi\AppData\Loca...}, fedcm:accounts: true, goog:chromeOptions: {debuggerAddress: localhost:58944}, networkConnectionEnabled: false, pageLoadStrategy: normal, platformName: windows, proxy: Proxy(), se:cdp: ws://localhost:58944/devtoo..., se:cdpVersion: 131.0.6778.204, setWindowRect: true, strictFileInteractability: false, timeouts: {implicit: 0, pageLoad: 300000, script: 30000}, unhandledPromptBehavior: dismiss and notify, webauthn:extension:credBlob: true, webauthn:extension:largeBlob: true, webauthn:extension:minPinLength: true, webauthn:extension:prf: true, webauthn:virtualAuthenticators: true}
Element: [[ChromeDriver: chrome on windows (86e957362e79bcbf3a57f42da2f03ef3)] -> xpath: //input[@name='search']]
Session ID: 86e957362e79bcbf3a57f42da2f03ef3]]>
            </message>
            <full-stacktrace>
              <![CDATA[org.openqa.selenium.StaleElementReferenceException: stale element reference: stale element not found
  (Session info: chrome=131.0.6778.204)
For documentation on this error, please visit: https://www.selenium.dev/documentation/webdriver/troubleshooting/errors#stale-element-reference-exception
Build info: version: '4.16.1', revision: '9b4c83354e'
System info: os.name: 'Windows 10', os.arch: 'amd64', os.version: '10.0', java.version: '17.0.5'
Driver info: org.openqa.selenium.chrome.ChromeDriver
Command: [86e957362e79bcbf3a57f42da2f03ef3, sendKeysToElement {id=f.D3676C411CCB5863F39844F08EAED248.d.A0D01CE284E379DF3ECC6D2532E2806B.e.565, value=[Ljava.lang.CharSequence;@7b351446}]
Capabilities {acceptInsecureCerts: false, browserName: chrome, browserVersion: 131.0.6778.204, chrome: {chromedriverVersion: 131.0.6778.204 (52183f9e99a..., userDataDir: C:\Users\dsshi\AppData\Loca...}, fedcm:accounts: true, goog:chromeOptions: {debuggerAddress: localhost:58944}, networkConnectionEnabled: false, pageLoadStrategy: normal, platformName: windows, proxy: Proxy(), se:cdp: ws://localhost:58944/devtoo..., se:cdpVersion: 131.0.6778.204, setWindowRect: true, strictFileInteractability: false, timeouts: {implicit: 0, pageLoad: 300000, script: 30000}, unhandledPromptBehavior: dismiss and notify, webauthn:extension:credBlob: true, webauthn:extension:largeBlob: true, webauthn:extension:minPinLength: true, webauthn:extension:prf: true, webauthn:virtualAuthenticators: true}
Element: [[ChromeDriver: chrome on windows (86e957362e79bcbf3a57f42da2f03ef3)] -> xpath: //input[@name='search']]
Session ID: 86e957362e79bcbf3a57f42da2f03ef3
at java.base/jdk.internal.reflect.NativeConstructorAccessorImpl.newInstance0(Native Method)
at java.base/jdk.internal.reflect.NativeConstructorAccessorImpl.newInstance(NativeConstructorAccessorImpl.java:77)
at java.base/jdk.internal.reflect.DelegatingConstructorAccessorImpl.newInstance(DelegatingConstructorAccessorImpl.java:45)
at java.base/java.lang.reflect.Constructor.newInstanceWithCaller(Constructor.java:499)
at java.base/java.lang.reflect.Constructor.newInstance(Constructor.java:480)
at org.openqa.selenium.remote.codec.w3c.W3CHttpResponseCodec.createException(W3CHttpResponseCodec.java:200)
at org.openqa.selenium.remote.codec.w3c.W3CHttpResponseCodec.decode(W3CHttpResponseCodec.java:133)
at org.openqa.selenium.remote.codec.w3c.W3CHttpResponseCodec.decode(W3CHttpResponseCodec.java:52)
at org.openqa.selenium.remote.HttpCommandExecutor.execute(HttpCommandExecutor.java:191)
at org.openqa.selenium.remote.service.DriverCommandExecutor.invokeExecute(DriverCommandExecutor.java:200)
at org.openqa.selenium.remote.service.DriverCommandExecutor.execute(DriverCommandExecutor.java:175)
at org.openqa.selenium.remote.RemoteWebDriver.execute(RemoteWebDriver.java:523)
at org.openqa.selenium.remote.RemoteWebElement.execute(RemoteWebElement.java:224)
at org.openqa.selenium.remote.RemoteWebElement.sendKeys(RemoteWebElement.java:111)
at com.framework.utils.Utilities.sendKeys(Utilities.java:76)
at com.frameworkpractice.pages.SearchPage.enterSearchText(SearchPage.java:20)
at com.farmework.tests.SearchTest.verifySearchWithInValidProductName(SearchTest.java:102)
at java.base/jdk.internal.reflect.NativeMethodAccessorImpl.invoke0(Native Method)
at java.base/jdk.internal.reflect.NativeMethodAccessorImpl.invoke(NativeMethodAccessorImpl.java:77)
at java.base/jdk.internal.reflect.DelegatingMethodAccessorImpl.invoke(DelegatingMethodAccessorImpl.java:43)
at java.base/java.lang.reflect.Method.invoke(Method.java:568)
at org.testng.internal.invokers.MethodInvocationHelper.invokeMethod(MethodInvocationHelper.java:139)
at org.testng.internal.invokers.TestInvoker.invokeMethod(TestInvoker.java:677)
at org.testng.internal.invokers.TestInvoker.invokeTestMethod(TestInvoker.java:221)
at org.testng.internal.invokers.MethodRunner.runInSequence(MethodRunner.java:50)
at org.testng.internal.invokers.TestInvoker$MethodInvocationAgent.invoke(TestInvoker.java:969)
at org.testng.internal.invokers.TestInvoker.invokeTestMethods(TestInvoker.java:194)
at org.testng.internal.invokers.TestMethodWorker.invokeTestMethods(TestMethodWorker.java:148)
at org.testng.internal.invokers.TestMethodWorker.run(TestMethodWorker.java:128)
at java.base/java.util.ArrayList.forEach(ArrayList.java:1511)
at org.testng.TestRunner.privateRun(TestRunner.java:829)
at org.testng.TestRunner.run(TestRunner.java:602)
at org.testng.SuiteRunner.runTest(SuiteRunner.java:437)
at org.testng.SuiteRunner.runSequentially(SuiteRunner.java:431)
at org.testng.SuiteRunner.privateRun(SuiteRunner.java:391)
at org.testng.SuiteRunner.run(SuiteRunner.java:330)
at org.testng.SuiteRunnerWorker.runSuite(SuiteRunnerWorker.java:52)
at org.testng.SuiteRunnerWorker.run(SuiteRunnerWorker.java:95)
at org.testng.TestNG.runSuitesSequentially(TestNG.java:1256)
at org.testng.TestNG.runSuitesLocally(TestNG.java:1176)
at org.testng.TestNG.runSuites(TestNG.java:1099)
at org.testng.TestNG.run(TestNG.java:1067)
at org.apache.maven.surefire.testng.TestNGExecutor.run(TestNGExecutor.java:308)
at org.apache.maven.surefire.testng.TestNGXmlTestSuite.execute(TestNGXmlTestSuite.java:71)
at org.apache.maven.surefire.testng.TestNGProvider.invoke(TestNGProvider.java:113)
at org.apache.maven.surefire.booter.ForkedBooter.runSuitesInProcess(ForkedBooter.java:385)
at org.apache.maven.surefire.booter.ForkedBooter.execute(ForkedBooter.java:162)
at org.apache.maven.surefire.booter.ForkedBooter.run(ForkedBooter.java:507)
at org.apache.maven.surefire.booter.ForkedBooter.main(ForkedBooter.java:495)
]]>
            </full-stacktrace>
          </exception> <!-- org.openqa.selenium.StaleElementReferenceException -->
          <reporter-output>
          </reporter-output>
        </test-method> <!-- verifySearchWithInValidProductName -->
        <test-method is-config="true" signature="logout()[pri:0, instance:com.farmework.tests.SearchTest@11d8ae8b]" started-at="2024-12-22T06:53:05 IST" name="logout" finished-at="2024-12-22T06:53:21 IST" duration-ms="15692" status="PASS">
          <reporter-output>
          </reporter-output>
        </test-method> <!-- logout -->
        <test-method is-config="true" signature="login()[pri:0, instance:com.farmework.tests.SearchTest@11d8ae8b]" started-at="2024-12-22T06:53:21 IST" name="login" finished-at="2024-12-22T06:53:21 IST" duration-ms="499" status="PASS">
          <reporter-output>
          </reporter-output>
        </test-method> <!-- login -->
        <test-method signature="verifySearchWithValidProductName(java.util.Map)[pri:0, instance:com.farmework.tests.SearchTest@11d8ae8b]" started-at="2024-12-22T06:53:21 IST" name="verifySearchWithValidProductName" data-provider="validCredentialSupplier" finished-at="2024-12-22T06:53:25 IST" duration-ms="3654" status="PASS">
          <params>
            <param index="0">
              <value>
                <![CDATA[{UserName=yogeshs15@gmail.com, ExpectedMessage=NA, SearchValue=HP, Password=12345}]]>
              </value>
            </param>
          </params>
          <reporter-output>
          </reporter-output>
        </test-method> <!-- verifySearchWithValidProductName -->
        <test-method is-config="true" signature="logout()[pri:0, instance:com.farmework.tests.SearchTest@11d8ae8b]" started-at="2024-12-22T06:53:25 IST" name="logout" finished-at="2024-12-22T06:53:41 IST" duration-ms="15838" status="PASS">
          <reporter-output>
          </reporter-output>
        </test-method> <!-- logout -->
      </class> <!-- com.farmework.tests.SearchTest -->
    </test> <!-- QALoginTest -->
  </suite> <!-- FrameWork Test Suite -->
</testng-results>
